<?xml version="1.0" encoding="UTF-8"?>
<testng-results ignored="0" total="1" passed="1" failed="0" skipped="0">
  <reporter-output>
  </reporter-output>
  <suite started-at="2022-05-19T19:12:53 IST" name="Suite" finished-at="2022-05-19T19:13:10 IST" duration-ms="17131">
    <groups>
    </groups>
    <test started-at="2022-05-19T19:12:53 IST" name="Test" finished-at="2022-05-19T19:13:10 IST" duration-ms="17131">
      <class name="pack1.Test1">
        <test-method signature="OpenBrowser()[pri:0, instance:pack1.Test1@6b8ca3c8]" started-at="2022-05-19T19:12:53 IST" name="OpenBrowser" finished-at="2022-05-19T19:13:10 IST" duration-ms="17008" status="PASS">
          <reporter-output>
          </reporter-output>
        </test-method> <!-- OpenBrowser -->
      </class> <!-- pack1.Test1 -->
    </test> <!-- Test -->
  </suite> <!-- Suite -->
</testng-results>
